src/actions/administration.ts(4,49): error TS2307: Cannot find module '@/lib/session' or its corresponding type declarations.
src/actions/assets.ts(4,49): error TS2307: Cannot find module '@/lib/session' or its corresponding type declarations.
src/actions/assets.ts(51,11): error TS2561: Object literal may only specify known properties, but 'details' does not exist in type '(Without<AuditLogCreateInput, AuditLogUncheckedCreateInput> & AuditLogUncheckedCreateInput) | (Without<...> & AuditLogCreateInput)'. Did you mean to write 'detail'?
src/actions/bloodbank.ts(4,49): error TS2307: Cannot find module '@/lib/session' or its corresponding type declarations.
src/actions/bloodbank.ts(42,12): error TS2561: Object literal may only specify known properties, but 'details' does not exist in type '(Without<AuditLogCreateInput, AuditLogUncheckedCreateInput> & AuditLogUncheckedCreateInput) | (Without<...> & AuditLogCreateInput)'. Did you mean to write 'detail'?
src/actions/camps.ts(4,49): error TS2307: Cannot find module '@/lib/session' or its corresponding type declarations.
src/actions/camps.ts(45,12): error TS2561: Object literal may only specify known properties, but 'details' does not exist in type '(Without<AuditLogCreateInput, AuditLogUncheckedCreateInput> & AuditLogUncheckedCreateInput) | (Without<...> & AuditLogCreateInput)'. Did you mean to write 'detail'?
src/actions/core.ts(31,9): error TS2322: Type '{ id: string; name: string; city: string; }' is not assignable to type '(Without<TempleCreateInput, TempleUncheckedCreateInput> & TempleUncheckedCreateInput) | (Without<...> & TempleCreateInput)'.
  Type '{ id: string; name: string; city: string; }' is not assignable to type 'Without<TempleUncheckedCreateInput, TempleCreateInput> & TempleCreateInput'.
    Property 'metropolis' is missing in type '{ id: string; name: string; city: string; }' but required in type 'TempleCreateInput'.
src/actions/export.ts(94,22): error TS2551: Property 'category' does not exist on type '{ id: string; date: Date; templeId: string; createdAt: Date; amount: number; purpose: string; receiptNumber: string | null; categoryId: string | null; vendor: string | null; }'. Did you mean 'categoryId'?
src/actions/finances.ts(101,12): error TS2561: Object literal may only specify known properties, but 'details' does not exist in type 'Without<AuditLogCreateInput, AuditLogUncheckedCreateInput> & AuditLogUncheckedCreateInput'. Did you mean to write 'detail'?
src/actions/finances.ts(153,14): error TS2561: Object literal may only specify known properties, but 'details' does not exist in type 'Without<AuditLogCreateInput, AuditLogUncheckedCreateInput> & AuditLogUncheckedCreateInput'. Did you mean to write 'detail'?
src/actions/finances.ts(232,14): error TS2561: Object literal may only specify known properties, but 'details' does not exist in type 'Without<AuditLogCreateInput, AuditLogUncheckedCreateInput> & AuditLogUncheckedCreateInput'. Did you mean to write 'detail'?
src/actions/funerals.ts(4,49): error TS2307: Cannot find module '@/lib/session' or its corresponding type declarations.
src/actions/funerals.ts(49,12): error TS2561: Object literal may only specify known properties, but 'details' does not exist in type '(Without<AuditLogCreateInput, AuditLogUncheckedCreateInput> & AuditLogUncheckedCreateInput) | (Without<...> & AuditLogCreateInput)'. Did you mean to write 'detail'?
src/actions/inventory.ts(4,49): error TS2307: Cannot find module '@/lib/session' or its corresponding type declarations.
src/actions/inventory.ts(32,10): error TS2353: Object literal may only specify known properties, and 'unitOfMeasure' does not exist in type '(Without<InventoryItemCreateInput, InventoryItemUncheckedCreateInput> & InventoryItemUncheckedCreateInput) | (Without<...> & InventoryItemCreateInput)'.
src/actions/inventory.ts(42,11): error TS2561: Object literal may only specify known properties, but 'details' does not exist in type '(Without<AuditLogCreateInput, AuditLogUncheckedCreateInput> & AuditLogUncheckedCreateInput) | (Without<...> & AuditLogCreateInput)'. Did you mean to write 'detail'?
src/actions/inventory.ts(67,31): error TS2339: Property 'currentStock' does not exist on type '{ id: string; name: string; templeId: string; category: string; unit: string; quantity: number; minStock: number; expiryDate: Date | null; lastRestockDate: Date | null; }'.
src/actions/inventory.ts(70,18): error TS2339: Property 'inventoryCheckout' does not exist on type 'Omit<PrismaClient<PrismaClientOptions, never, DefaultArgs>, "$connect" | "$disconnect" | "$on" | "$transaction" | "$extends">'.
src/actions/inventory.ts(80,20): error TS2353: Object literal may only specify known properties, and 'currentStock' does not exist in type '(Without<InventoryItemUpdateInput, InventoryItemUncheckedUpdateInput> & InventoryItemUncheckedUpdateInput) | (Without<...> & InventoryItemUpdateInput)'.
src/actions/inventory.ts(85,48): error TS2339: Property 'currentStock' does not exist on type '{ id: string; name: string; templeId: string; category: string; unit: string; quantity: number; minStock: number; expiryDate: Date | null; lastRestockDate: Date | null; }'.
src/actions/kanban.ts(4,49): error TS2307: Cannot find module '@/lib/session' or its corresponding type declarations.
src/actions/kanban.ts(41,9): error TS2561: Object literal may only specify known properties, but 'details' does not exist in type '(Without<AuditLogCreateInput, AuditLogUncheckedCreateInput> & AuditLogUncheckedCreateInput) | (Without<...> & AuditLogCreateInput)'. Did you mean to write 'detail'?
src/actions/mailing.ts(4,49): error TS2307: Cannot find module '@/lib/session' or its corresponding type declarations.
src/actions/mailing.ts(51,14): error TS2561: Object literal may only specify known properties, but 'details' does not exist in type '(Without<AuditLogCreateInput, AuditLogUncheckedCreateInput> & AuditLogUncheckedCreateInput) | (Without<...> & AuditLogCreateInput)'. Did you mean to write 'detail'?
src/actions/metropolis.ts(4,29): error TS2307: Cannot find module '@/lib/session' or its corresponding type declarations.
src/actions/philanthropy.ts(4,49): error TS2307: Cannot find module '@/lib/session' or its corresponding type declarations.
src/actions/philanthropy.ts(35,10): error TS2353: Object literal may only specify known properties, and 'phoneNumber' does not exist in type '(Without<BeneficiaryCreateInput, BeneficiaryUncheckedCreateInput> & BeneficiaryUncheckedCreateInput) | (Without<...> & BeneficiaryCreateInput)'.
src/actions/philanthropy.ts(47,11): error TS2561: Object literal may only specify known properties, but 'details' does not exist in type '(Without<AuditLogCreateInput, AuditLogUncheckedCreateInput> & AuditLogUncheckedCreateInput) | (Without<...> & AuditLogCreateInput)'. Did you mean to write 'detail'?
src/actions/philanthropy.ts(77,11): error TS2561: Object literal may only specify known properties, but 'details' does not exist in type '(Without<AuditLogCreateInput, AuditLogUncheckedCreateInput> & AuditLogUncheckedCreateInput) | (Without<...> & AuditLogCreateInput)'. Did you mean to write 'detail'?
src/actions/protocol.ts(4,49): error TS2307: Cannot find module '@/lib/session' or its corresponding type declarations.
src/actions/protocol.ts(96,12): error TS2561: Object literal may only specify known properties, but 'details' does not exist in type '(Without<AuditLogCreateInput, AuditLogUncheckedCreateInput> & AuditLogUncheckedCreateInput) | (Without<...> & AuditLogCreateInput)'. Did you mean to write 'detail'?
src/actions/sacraments.ts(211,10): error TS2305: Module '"./schedule"' has no exported member 'addServiceSchedule'.
src/actions/schedule.ts(4,49): error TS2307: Cannot find module '@/lib/session' or its corresponding type declarations.
src/actions/schedule.ts(42,18): error TS2353: Object literal may only specify known properties, and 'mealName' does not exist in type '(Without<SissitioDayUpdateInput, SissitioDayUncheckedUpdateInput> & SissitioDayUncheckedUpdateInput) | (Without<...> & SissitioDayUpdateInput)'.
src/actions/schedule.ts(43,34): error TS2353: Object literal may only specify known properties, and 'mealName' does not exist in type '(Without<SissitioDayCreateInput, SissitioDayUncheckedCreateInput> & SissitioDayUncheckedCreateInput) | (Without<...> & SissitioDayCreateInput)'.
src/actions/schedule.ts(57,18): error TS2353: Object literal may only specify known properties, and 'beneficiaryId_sissitioDayId' does not exist in type 'SissitioAttendanceWhereUniqueInput'.
src/actions/schedule.ts(58,19): error TS2353: Object literal may only specify known properties, and 'status' does not exist in type '(Without<SissitioAttendanceUpdateInput, SissitioAttendanceUncheckedUpdateInput> & SissitioAttendanceUncheckedUpdateInput) | (Without<...> & SissitioAttendanceUpdateInput)'.
src/actions/schedule.ts(59,56): error TS2353: Object literal may only specify known properties, and 'status' does not exist in type 'Without<SissitioAttendanceCreateInput, SissitioAttendanceUncheckedCreateInput> & SissitioAttendanceUncheckedCreateInput'.
src/actions/settings.ts(4,49): error TS2307: Cannot find module '@/lib/session' or its corresponding type declarations.
src/actions/settings.ts(84,9): error TS2561: Object literal may only specify known properties, but 'details' does not exist in type '(Without<AuditLogCreateInput, AuditLogUncheckedCreateInput> & AuditLogUncheckedCreateInput) | (Without<...> & AuditLogCreateInput)'. Did you mean to write 'detail'?
src/app/actions.ts(32,3): error TS2305: Module '"@/actions/finances"' has no exported member 'createDonation'.
src/app/actions.ts(33,3): error TS2305: Module '"@/actions/finances"' has no exported member 'getDonations'.
src/app/actions.ts(34,3): error TS2305: Module '"@/actions/finances"' has no exported member 'getDonationStats'.
src/app/actions.ts(35,3): error TS2305: Module '"@/actions/finances"' has no exported member 'addExpense'.
src/app/actions.ts(41,3): error TS2305: Module '"@/actions/philanthropy"' has no exported member 'createBeneficiary'.
src/app/actions.ts(42,3): error TS2305: Module '"@/actions/philanthropy"' has no exported member 'getParishionerBeneficiary'.
src/app/actions.ts(43,3): error TS2305: Module '"@/actions/philanthropy"' has no exported member 'getPhilanthropyStats'.
src/app/actions.ts(44,3): error TS2305: Module '"@/actions/philanthropy"' has no exported member 'getInventoryItems'.
src/app/actions.ts(65,3): error TS2305: Module '"@/actions/schedule"' has no exported member 'getServiceSchedules'.
src/app/actions.ts(66,3): error TS2305: Module '"@/actions/schedule"' has no exported member 'addServiceSchedule'.
src/app/actions.ts(67,3): error TS2305: Module '"@/actions/schedule"' has no exported member 'deleteServiceSchedule'.
src/app/actions.ts(71,31): error TS2305: Module '"@/actions/assets"' has no exported member 'updateAssetStatus'.
src/app/actions.ts(71,50): error TS2305: Module '"@/actions/assets"' has no exported member 'deleteAsset'.
src/app/actions.ts(77,29): error TS2724: '"@/actions/settings"' has no exported member named 'saveTempleSettings'. Did you mean 'getTempleSettings'?
src/app/admin/assets/AssetsClient.tsx(3,20): error TS2305: Module '"@/actions/assets"' has no exported member 'deleteAsset'.
src/app/admin/assets/AssetsClient.tsx(3,33): error TS2305: Module '"@/actions/assets"' has no exported member 'updateAssetStatus'.
src/app/admin/diptychs/print/page.tsx(8,31): error TS2339: Property 'templeName' does not exist on type '{ id: string; name: string; metropolisName: string; slug: string; taxId: string; phoneNumber: string; address: string; city: string; email: string; settings: {}; }'.
src/app/admin/finances/actions.ts(23,9): error TS2559: Type 'string' has no properties in common with type 'FinancialCategoryCreateNestedOneWithoutExpensesInput'.
src/app/admin/finances/actions.ts(41,43): error TS2322: Type 'string' is not assignable to type '(Without<FinancialCategoryScalarRelationFilter, FinancialCategoryWhereInput> & FinancialCategoryWhereInput) | (Without<...> & FinancialCategoryScalarRelationFilter) | undefined'.
src/app/admin/finances/actions.ts(54,11): error TS2559: Type 'string' has no properties in common with type 'FinancialCategoryCreateNestedOneWithoutBudgetsInput'.
src/app/admin/finances/AddDonationForm.tsx(4,10): error TS2305: Module '"@/actions/finances"' has no exported member 'createDonation'.
src/app/admin/finances/budget/BudgetClient.tsx(95,48): error TS2322: Type '"default"' is not assignable to type '"destructive" | "primary" | "mono" | "secondary" | "outline" | "dashed" | "ghost" | "dim" | "foreground" | "inverse" | null | undefined'.
src/app/admin/finances/ledger/LedgerClient.tsx(9,10): error TS2305: Module '"@/actions/finances"' has no exported member 'addExpense'.
src/app/admin/finances/page.tsx(155,11): error TS2322: Type 'number' is not assignable to type 'MonthlyData[]'.
src/app/admin/finances/page.tsx(156,11): error TS2322: Type 'number' is not assignable to type 'MonthlyData[]'.
src/app/admin/finances/TransactionDialog.tsx(52,17): error TS2339: Property 'error' does not exist on type '{ success: boolean; } | { success: boolean; error: string; }'.
  Property 'error' does not exist on type '{ success: boolean; }'.
src/app/admin/mailing/MailingClient.tsx(92,63): error TS2304: Cannot find name 'MapPin'.
src/app/admin/parishioners/[id]/page.tsx(2,10): error TS2305: Module '"@/actions/philanthropy"' has no exported member 'getParishionerBeneficiary'.
src/app/admin/parishioners/[id]/ParishionerProfileClient.tsx(9,10): error TS2305: Module '"@/actions/philanthropy"' has no exported member 'createBeneficiary'.
src/app/admin/philanthropy/inventory/InventoryClient.tsx(53,81): error TS2322: Type '{ className: string; title: string; }' is not assignable to type 'IntrinsicAttributes & Omit<LucideProps, "ref"> & RefAttributes<SVGSVGElement>'.
  Property 'title' does not exist on type 'IntrinsicAttributes & Omit<LucideProps, "ref"> & RefAttributes<SVGSVGElement>'.
src/app/admin/philanthropy/page.tsx(1,10): error TS2305: Module '"@/actions/philanthropy"' has no exported member 'getPhilanthropyStats'.
src/app/admin/philanthropy/page.tsx(1,50): error TS2305: Module '"@/actions/philanthropy"' has no exported member 'getInventoryItems'.
src/app/admin/philanthropy/schedule/ScheduleClient.tsx(93,27): error TS2322: Type '"default" | "outline"' is not assignable to type '"destructive" | "primary" | "mono" | "secondary" | "outline" | "dashed" | "ghost" | "dim" | "foreground" | "inverse" | null | undefined'.
  Type '"default"' is not assignable to type '"destructive" | "primary" | "mono" | "secondary" | "outline" | "dashed" | "ghost" | "dim" | "foreground" | "inverse" | null | undefined'.
src/app/admin/requests/[id]/AdminMetaForm.tsx(29,7): error TS2353: Object literal may only specify known properties, and 'direction' does not exist in type 'FormData'.
src/app/admin/requests/[id]/AdminMetaForm.tsx(35,28): error TS2339: Property 'entry' does not exist on type '{ success: boolean; protocolNumber: string; error?: undefined; } | { success: boolean; error: any; protocolNumber?: undefined; }'.
  Property 'entry' does not exist on type '{ success: boolean; protocolNumber: string; error?: undefined; }'.
src/app/admin/requests/[id]/AdminMetaForm.tsx(36,32): error TS2339: Property 'entry' does not exist on type '{ success: boolean; protocolNumber: string; error?: undefined; } | { success: boolean; error: any; protocolNumber?: undefined; }'.
  Property 'entry' does not exist on type '{ success: boolean; protocolNumber: string; error?: undefined; }'.
src/app/admin/requests/[id]/AdminMetaForm.tsx(38,81): error TS2339: Property 'entry' does not exist on type '{ success: boolean; protocolNumber: string; error?: undefined; } | { success: boolean; error: any; protocolNumber?: undefined; }'.
  Property 'entry' does not exist on type '{ success: boolean; protocolNumber: string; error?: undefined; }'.
src/app/admin/requests/[id]/AdminMetaForm.tsx(38,101): error TS2339: Property 'entry' does not exist on type '{ success: boolean; protocolNumber: string; error?: undefined; } | { success: boolean; error: any; protocolNumber?: undefined; }'.
  Property 'entry' does not exist on type '{ success: boolean; protocolNumber: string; error?: undefined; }'.
src/app/admin/requests/[id]/print/page.tsx(13,31): error TS2339: Property 'templeName' does not exist on type '{ id: string; name: string; metropolisName: string; slug: string; taxId: string; phoneNumber: string; address: string; city: string; email: string; settings: {}; }'.
src/app/admin/schedule/page.tsx(1,10): error TS2305: Module '"@/actions/schedule"' has no exported member 'getServiceSchedules'.
src/app/admin/schedule/print/page.tsx(1,10): error TS2305: Module '"@/actions/schedule"' has no exported member 'getServiceSchedules'.
src/app/admin/schedule/print/page.tsx(13,31): error TS2339: Property 'templeName' does not exist on type '{ id: string; name: string; metropolisName: string; slug: string; taxId: string; phoneNumber: string; address: string; city: string; email: string; settings: {}; }'.
src/app/admin/schedule/ScheduleClient.tsx(3,10): error TS2305: Module '"@/actions/schedule"' has no exported member 'addServiceSchedule'.
src/app/admin/schedule/ScheduleClient.tsx(3,30): error TS2305: Module '"@/actions/schedule"' has no exported member 'deleteServiceSchedule'.
src/app/admin/settings/schedule/BookingSettingsClient.tsx(5,10): error TS2724: '"@/actions/settings"' has no exported member named 'saveTempleSettings'. Did you mean 'getTempleSettings'?
src/app/admin/users/roles/RolesClient.tsx(126,80): error TS2322: Type '"default"' is not assignable to type '"destructive" | "primary" | "mono" | "secondary" | "outline" | "dashed" | "ghost" | "dim" | "foreground" | "inverse" | null | undefined'.
src/app/schedule/page.tsx(1,10): error TS2305: Module '"@/actions/schedule"' has no exported member 'getServiceSchedules'.
src/app/schedule/page.tsx(8,31): error TS2339: Property 'templeName' does not exist on type '{ id: string; name: string; metropolisName: string; slug: string; taxId: string; phoneNumber: string; address: string; city: string; email: string; settings: {}; }'.
src/app/temple/[slug]/page.tsx(16,38): error TS2353: Object literal may only specify known properties, and 'time' does not exist in type 'ServiceScheduleOrderByWithRelationInput'.
src/app/temple/[slug]/page.tsx(49,23): error TS2551: Property 'metropolis' does not exist on type '{ address: string | null; id: string; email: string | null; name: string; settings: string | null; slug: string | null; city: string | null; createdAt: Date; updatedAt: Date; ... 5 more ...; subscriptionEndDate: Date | null; }'. Did you mean 'metropolisId'?
src/app/temple/[slug]/page.tsx(78,30): error TS2339: Property 'schedules' does not exist on type '{ address: string | null; id: string; email: string | null; name: string; settings: string | null; slug: string | null; city: string | null; createdAt: Date; updatedAt: Date; ... 5 more ...; subscriptionEndDate: Date | null; }'.
src/app/temple/[slug]/page.tsx(81,32): error TS2339: Property 'schedules' does not exist on type '{ address: string | null; id: string; email: string | null; name: string; settings: string | null; slug: string | null; city: string | null; createdAt: Date; updatedAt: Date; ... 5 more ...; subscriptionEndDate: Date | null; }'.
src/app/temple/[slug]/page.tsx(81,46): error TS7006: Parameter 'schedule' implicitly has an 'any' type.
src/app/widget/calendar/[slug]/page.tsx(15,38): error TS2353: Object literal may only specify known properties, and 'time' does not exist in type 'ServiceScheduleOrderByWithRelationInput'.
src/app/widget/calendar/[slug]/page.tsx(40,19): error TS2339: Property 'schedules' does not exist on type '{ address: string | null; id: string; email: string | null; name: string; settings: string | null; slug: string | null; city: string | null; createdAt: Date; updatedAt: Date; ... 5 more ...; subscriptionEndDate: Date | null; }'.
src/app/widget/calendar/[slug]/page.tsx(43,21): error TS2339: Property 'schedules' does not exist on type '{ address: string | null; id: string; email: string | null; name: string; settings: string | null; slug: string | null; city: string | null; createdAt: Date; updatedAt: Date; ... 5 more ...; subscriptionEndDate: Date | null; }'.
src/app/widget/calendar/[slug]/page.tsx(43,36): error TS7006: Parameter 'schedule' implicitly has an 'any' type.
src/scripts/seed-admin.ts(13,7): error TS2322: Type '{ id: string; name: string; }' is not assignable to type '(Without<TempleCreateInput, TempleUncheckedCreateInput> & TempleUncheckedCreateInput) | (Without<...> & TempleCreateInput)'.
  Type '{ id: string; name: string; }' is not assignable to type 'Without<TempleUncheckedCreateInput, TempleCreateInput> & TempleCreateInput'.
    Property 'metropolis' is missing in type '{ id: string; name: string; }' but required in type 'TempleCreateInput'.
