src/actions/export.ts(94,23): error TS2339: Property 'description' does not exist on type '{ category: { id: string; type: string; name: string; templeId: string; } | null; } & { id: string; date: Date; templeId: string; createdAt: Date; categoryId: string | null; amount: number; receiptNumber: string | null; purpose: string; vendor: string | null; }'.
src/actions/export.ts(97,30): error TS2339: Property 'voucherNumber' does not exist on type '{ category: { id: string; type: string; name: string; templeId: string; } | null; } & { id: string; date: Date; templeId: string; createdAt: Date; categoryId: string | null; amount: number; receiptNumber: string | null; purpose: string; vendor: string | null; }'.
src/actions/inventory.ts(34,10): error TS2353: Object literal may only specify known properties, and 'minThreshold' does not exist in type 'Without<InventoryItemCreateInput, InventoryItemUncheckedCreateInput> & InventoryItemUncheckedCreateInput'.
src/actions/inventory.ts(71,18): error TS2339: Property 'inventoryCheckout' does not exist on type 'Omit<PrismaClient<PrismaClientOptions, never, DefaultArgs>, "$connect" | "$disconnect" | "$on" | "$transaction" | "$extends">'.
src/actions/philanthropy.ts(36,10): error TS2353: Object literal may only specify known properties, and 'phoneNumber' does not exist in type 'Without<BeneficiaryCreateInput, BeneficiaryUncheckedCreateInput> & BeneficiaryUncheckedCreateInput'.
src/actions/schedule.ts(43,18): error TS2353: Object literal may only specify known properties, and 'mealName' does not exist in type '(Without<SissitioDayUpdateInput, SissitioDayUncheckedUpdateInput> & SissitioDayUncheckedUpdateInput) | (Without<...> & SissitioDayUpdateInput)'.
src/actions/schedule.ts(44,34): error TS2353: Object literal may only specify known properties, and 'mealName' does not exist in type 'Without<SissitioDayCreateInput, SissitioDayUncheckedCreateInput> & SissitioDayUncheckedCreateInput'.
src/actions/schedule.ts(58,18): error TS2353: Object literal may only specify known properties, and 'beneficiaryId_sissitioDayId' does not exist in type 'SissitioAttendanceWhereUniqueInput'.
src/actions/schedule.ts(59,19): error TS2353: Object literal may only specify known properties, and 'status' does not exist in type '(Without<SissitioAttendanceUpdateInput, SissitioAttendanceUncheckedUpdateInput> & SissitioAttendanceUncheckedUpdateInput) | (Without<...> & SissitioAttendanceUpdateInput)'.
src/actions/schedule.ts(60,56): error TS2353: Object literal may only specify known properties, and 'status' does not exist in type 'Without<SissitioAttendanceCreateInput, SissitioAttendanceUncheckedCreateInput> & SissitioAttendanceUncheckedCreateInput'.
src/app/actions.ts(32,3): error TS2305: Module '"@/actions/finances"' has no exported member 'createDonation'.
src/app/actions.ts(33,3): error TS2305: Module '"@/actions/finances"' has no exported member 'getDonations'.
src/app/actions.ts(34,3): error TS2305: Module '"@/actions/finances"' has no exported member 'getDonationStats'.
src/app/admin/diptychs/print/page.tsx(8,31): error TS2339: Property 'templeName' does not exist on type '{ id: string; name: string; metropolisName: string; slug: string; taxId: string; phoneNumber: string; address: string; city: string; email: string; settings: {}; }'.
src/app/admin/finances/actions.ts(23,9): error TS2559: Type 'string' has no properties in common with type 'FinancialCategoryCreateNestedOneWithoutExpensesInput'.
src/app/admin/finances/actions.ts(41,43): error TS2322: Type 'string' is not assignable to type '(Without<FinancialCategoryScalarRelationFilter, FinancialCategoryWhereInput> & FinancialCategoryWhereInput) | (Without<...> & FinancialCategoryScalarRelationFilter) | undefined'.
src/app/admin/finances/actions.ts(54,11): error TS2559: Type 'string' has no properties in common with type 'FinancialCategoryCreateNestedOneWithoutBudgetsInput'.
src/app/admin/finances/AddDonationForm.tsx(4,10): error TS2305: Module '"@/actions/finances"' has no exported member 'createDonation'.
src/app/admin/finances/budget/BudgetClient.tsx(95,48): error TS2322: Type '"default"' is not assignable to type '"destructive" | "primary" | "mono" | "secondary" | "outline" | "dashed" | "ghost" | "dim" | "foreground" | "inverse" | null | undefined'.
src/app/admin/finances/page.tsx(158,11): error TS2322: Type 'number' is not assignable to type 'MonthlyData[]'.
src/app/admin/finances/page.tsx(159,11): error TS2322: Type 'number' is not assignable to type 'MonthlyData[]'.
src/app/admin/finances/TransactionDialog.tsx(52,17): error TS2339: Property 'error' does not exist on type '{ success: boolean; } | { success: boolean; error: string; }'.
  Property 'error' does not exist on type '{ success: boolean; }'.
src/app/admin/mailing/MailingClient.tsx(92,63): error TS2304: Cannot find name 'MapPin'.
src/app/admin/parishioners/[id]/ParishionerProfileClient.tsx(243,25): error TS18047: 'res' is possibly 'null'.
src/app/admin/parishioners/[id]/ParishionerProfileClient.tsx(244,54): error TS18047: 'res' is possibly 'null'.
src/app/admin/philanthropy/inventory/InventoryClient.tsx(53,81): error TS2322: Type '{ className: string; title: string; }' is not assignable to type 'IntrinsicAttributes & Omit<LucideProps, "ref"> & RefAttributes<SVGSVGElement>'.
  Property 'title' does not exist on type 'IntrinsicAttributes & Omit<LucideProps, "ref"> & RefAttributes<SVGSVGElement>'.
src/app/admin/philanthropy/schedule/ScheduleClient.tsx(93,27): error TS2322: Type '"default" | "outline"' is not assignable to type '"destructive" | "primary" | "mono" | "secondary" | "outline" | "dashed" | "ghost" | "dim" | "foreground" | "inverse" | null | undefined'.
  Type '"default"' is not assignable to type '"destructive" | "primary" | "mono" | "secondary" | "outline" | "dashed" | "ghost" | "dim" | "foreground" | "inverse" | null | undefined'.
src/app/admin/requests/[id]/AdminMetaForm.tsx(29,7): error TS2353: Object literal may only specify known properties, and 'direction' does not exist in type 'FormData'.
src/app/admin/requests/[id]/AdminMetaForm.tsx(35,28): error TS2339: Property 'entry' does not exist on type '{ success: boolean; protocolNumber: string; error?: undefined; } | { success: boolean; error: any; protocolNumber?: undefined; }'.
  Property 'entry' does not exist on type '{ success: boolean; protocolNumber: string; error?: undefined; }'.
src/app/admin/requests/[id]/AdminMetaForm.tsx(36,32): error TS2339: Property 'entry' does not exist on type '{ success: boolean; protocolNumber: string; error?: undefined; } | { success: boolean; error: any; protocolNumber?: undefined; }'.
  Property 'entry' does not exist on type '{ success: boolean; protocolNumber: string; error?: undefined; }'.
src/app/admin/requests/[id]/AdminMetaForm.tsx(38,81): error TS2339: Property 'entry' does not exist on type '{ success: boolean; protocolNumber: string; error?: undefined; } | { success: boolean; error: any; protocolNumber?: undefined; }'.
  Property 'entry' does not exist on type '{ success: boolean; protocolNumber: string; error?: undefined; }'.
src/app/admin/requests/[id]/AdminMetaForm.tsx(38,101): error TS2339: Property 'entry' does not exist on type '{ success: boolean; protocolNumber: string; error?: undefined; } | { success: boolean; error: any; protocolNumber?: undefined; }'.
  Property 'entry' does not exist on type '{ success: boolean; protocolNumber: string; error?: undefined; }'.
src/app/admin/requests/[id]/print/page.tsx(13,31): error TS2339: Property 'templeName' does not exist on type '{ id: string; name: string; metropolisName: string; slug: string; taxId: string; phoneNumber: string; address: string; city: string; email: string; settings: {}; }'.
src/app/admin/sacraments/divorces/page.tsx(24,39): error TS2339: Property 'data' does not exist on type '{ address: string | null; id: string; status: string; email: string | null; mobile: string | null; templeId: string; city: string | null; phone: string | null; createdAt: Date; updatedAt: Date; ... 10 more ...; isConvert: boolean; }[]'.
src/app/admin/schedule/page.tsx(5,27): error TS2554: Expected 1 arguments, but got 0.
src/app/admin/schedule/page.tsx(6,26): error TS2322: Type '{ success: boolean; schedule: ({ attendances: ({ beneficiary: { address: string | null; id: string; status: string; templeId: string; phone: string | null; createdAt: Date; updatedAt: Date; ... 7 more ...; portions: number; }; } & { ...; })[]; } & { ...; }) | null; activeBeneficiaries: { ...; }[]; error?: undefined;...' is not assignable to type 'any[]'.
  Type '{ success: boolean; schedule: ({ attendances: ({ beneficiary: { address: string | null; id: string; status: string; templeId: string; phone: string | null; createdAt: Date; updatedAt: Date; ... 7 more ...; portions: number; }; } & { ...; })[]; } & { ...; }) | null; activeBeneficiaries: { ...; }[]; error?: undefined; }' is missing the following properties from type 'any[]': length, pop, push, concat, and 35 more.
src/app/admin/schedule/print/page.tsx(6,27): error TS2554: Expected 1 arguments, but got 0.
src/app/admin/schedule/print/page.tsx(13,31): error TS2339: Property 'templeName' does not exist on type '{ id: string; name: string; metropolisName: string; slug: string; taxId: string; phoneNumber: string; address: string; city: string; email: string; settings: {}; }'.
src/app/admin/schedule/print/page.tsx(20,17): error TS2339: Property 'length' does not exist on type '{ success: boolean; schedule: ({ attendances: ({ beneficiary: { address: string | null; id: string; status: string; templeId: string; phone: string | null; createdAt: Date; updatedAt: Date; ... 7 more ...; portions: number; }; } & { ...; })[]; } & { ...; }) | null; activeBeneficiaries: { ...; }[]; error?: undefined;...'.
  Property 'length' does not exist on type '{ success: boolean; schedule: ({ attendances: ({ beneficiary: { address: string | null; id: string; status: string; templeId: string; phone: string | null; createdAt: Date; updatedAt: Date; ... 7 more ...; portions: number; }; } & { ...; })[]; } & { ...; }) | null; activeBeneficiaries: { ...; }[]; error?: undefined; }'.
src/app/admin/schedule/print/page.tsx(23,16): error TS2339: Property 'forEach' does not exist on type '{ success: boolean; schedule: ({ attendances: ({ beneficiary: { address: string | null; id: string; status: string; templeId: string; phone: string | null; createdAt: Date; updatedAt: Date; ... 7 more ...; portions: number; }; } & { ...; })[]; } & { ...; }) | null; activeBeneficiaries: { ...; }[]; error?: undefined;...'.
  Property 'forEach' does not exist on type '{ success: boolean; schedule: ({ attendances: ({ beneficiary: { address: string | null; id: string; status: string; templeId: string; phone: string | null; createdAt: Date; updatedAt: Date; ... 7 more ...; portions: number; }; } & { ...; })[]; } & { ...; }) | null; activeBeneficiaries: { ...; }[]; error?: undefined; }'.
src/app/admin/users/roles/RolesClient.tsx(126,80): error TS2322: Type '"default"' is not assignable to type '"destructive" | "primary" | "mono" | "secondary" | "outline" | "dashed" | "ghost" | "dim" | "foreground" | "inverse" | null | undefined'.
src/app/schedule/page.tsx(5,27): error TS2554: Expected 1 arguments, but got 0.
src/app/schedule/page.tsx(8,31): error TS2339: Property 'templeName' does not exist on type '{ id: string; name: string; metropolisName: string; slug: string; taxId: string; phoneNumber: string; address: string; city: string; email: string; settings: {}; }'.
src/app/schedule/page.tsx(12,13): error TS2339: Property 'forEach' does not exist on type '{ success: boolean; schedule: ({ attendances: ({ beneficiary: { address: string | null; id: string; status: string; templeId: string; phone: string | null; createdAt: Date; updatedAt: Date; ... 7 more ...; portions: number; }; } & { ...; })[]; } & { ...; }) | null; activeBeneficiaries: { ...; }[]; error?: undefined;...'.
  Property 'forEach' does not exist on type '{ success: boolean; schedule: ({ attendances: ({ beneficiary: { address: string | null; id: string; status: string; templeId: string; phone: string | null; createdAt: Date; updatedAt: Date; ... 7 more ...; portions: number; }; } & { ...; })[]; } & { ...; }) | null; activeBeneficiaries: { ...; }[]; error?: undefined; }'.
src/app/temple/[slug]/page.tsx(16,38): error TS2353: Object literal may only specify known properties, and 'time' does not exist in type 'ServiceScheduleOrderByWithRelationInput'.
src/app/temple/[slug]/page.tsx(49,23): error TS2551: Property 'metropolis' does not exist on type '{ address: string | null; id: string; email: string | null; name: string; settings: string | null; slug: string | null; city: string | null; createdAt: Date; updatedAt: Date; ... 5 more ...; subscriptionEndDate: Date | null; }'. Did you mean 'metropolisId'?
src/app/temple/[slug]/page.tsx(78,30): error TS2339: Property 'schedules' does not exist on type '{ address: string | null; id: string; email: string | null; name: string; settings: string | null; slug: string | null; city: string | null; createdAt: Date; updatedAt: Date; ... 5 more ...; subscriptionEndDate: Date | null; }'.
src/app/temple/[slug]/page.tsx(81,32): error TS2339: Property 'schedules' does not exist on type '{ address: string | null; id: string; email: string | null; name: string; settings: string | null; slug: string | null; city: string | null; createdAt: Date; updatedAt: Date; ... 5 more ...; subscriptionEndDate: Date | null; }'.
src/app/temple/[slug]/page.tsx(81,46): error TS7006: Parameter 'schedule' implicitly has an 'any' type.
src/app/widget/calendar/[slug]/page.tsx(15,38): error TS2353: Object literal may only specify known properties, and 'time' does not exist in type 'ServiceScheduleOrderByWithRelationInput'.
src/app/widget/calendar/[slug]/page.tsx(40,19): error TS2339: Property 'schedules' does not exist on type '{ address: string | null; id: string; email: string | null; name: string; settings: string | null; slug: string | null; city: string | null; createdAt: Date; updatedAt: Date; ... 5 more ...; subscriptionEndDate: Date | null; }'.
src/app/widget/calendar/[slug]/page.tsx(43,21): error TS2339: Property 'schedules' does not exist on type '{ address: string | null; id: string; email: string | null; name: string; settings: string | null; slug: string | null; city: string | null; createdAt: Date; updatedAt: Date; ... 5 more ...; subscriptionEndDate: Date | null; }'.
src/app/widget/calendar/[slug]/page.tsx(43,36): error TS7006: Parameter 'schedule' implicitly has an 'any' type.
src/scripts/seed-admin.ts(13,7): error TS2322: Type '{ id: string; name: string; }' is not assignable to type '(Without<TempleCreateInput, TempleUncheckedCreateInput> & TempleUncheckedCreateInput) | (Without<...> & TempleCreateInput)'.
  Type '{ id: string; name: string; }' is not assignable to type 'Without<TempleUncheckedCreateInput, TempleCreateInput> & TempleCreateInput'.
    Property 'metropolis' is missing in type '{ id: string; name: string; }' but required in type 'TempleCreateInput'.
